Determining if the pthread_create exist failed with the following output:
Change Dir: /home/yzhang4/CPSC223/hw10/CMakeFiles/CMakeTmp

Run Build Command:"/usr/bin/make" "cmTC_431cc/fast"
/usr/bin/make -f CMakeFiles/cmTC_431cc.dir/build.make CMakeFiles/cmTC_431cc.dir/build
make[1]: Entering directory '/home/yzhang4/CPSC223/hw10/CMakeFiles/CMakeTmp'
Building C object CMakeFiles/cmTC_431cc.dir/CheckSymbolExists.c.o
/usr/bin/cc     -o CMakeFiles/cmTC_431cc.dir/CheckSymbolExists.c.o   -c /home/yzhang4/CPSC223/hw10/CMakeFiles/CMakeTmp/CheckSymbolExists.c
Linking C executable cmTC_431cc
/usr/bin/cmake -E cmake_link_script CMakeFiles/cmTC_431cc.dir/link.txt --verbose=1
/usr/bin/cc       CMakeFiles/cmTC_431cc.dir/CheckSymbolExists.c.o  -o cmTC_431cc -rdynamic 
CMakeFiles/cmTC_431cc.dir/CheckSymbolExists.c.o: In function `main':
CheckSymbolExists.c:(.text+0x16): undefined reference to `pthread_create'
collect2: error: ld returned 1 exit status
CMakeFiles/cmTC_431cc.dir/build.make:97: recipe for target 'cmTC_431cc' failed
make[1]: *** [cmTC_431cc] Error 1
make[1]: Leaving directory '/home/yzhang4/CPSC223/hw10/CMakeFiles/CMakeTmp'
Makefile:126: recipe for target 'cmTC_431cc/fast' failed
make: *** [cmTC_431cc/fast] Error 2

File /home/yzhang4/CPSC223/hw10/CMakeFiles/CMakeTmp/CheckSymbolExists.c:
/* */
#include <pthread.h>

int main(int argc, char** argv)
{
  (void)argv;
#ifndef pthread_create
  return ((int*)(&pthread_create))[argc];
#else
  (void)argc;
  return 0;
#endif
}

Determining if the function pthread_create exists in the pthreads failed with the following output:
Change Dir: /home/yzhang4/CPSC223/hw10/CMakeFiles/CMakeTmp

Run Build Command:"/usr/bin/make" "cmTC_c8003/fast"
/usr/bin/make -f CMakeFiles/cmTC_c8003.dir/build.make CMakeFiles/cmTC_c8003.dir/build
make[1]: Entering directory '/home/yzhang4/CPSC223/hw10/CMakeFiles/CMakeTmp'
Building C object CMakeFiles/cmTC_c8003.dir/CheckFunctionExists.c.o
/usr/bin/cc    -DCHECK_FUNCTION_EXISTS=pthread_create   -o CMakeFiles/cmTC_c8003.dir/CheckFunctionExists.c.o   -c /usr/share/cmake-3.5/Modules/CheckFunctionExists.c
Linking C executable cmTC_c8003
/usr/bin/cmake -E cmake_link_script CMakeFiles/cmTC_c8003.dir/link.txt --verbose=1
/usr/bin/cc   -DCHECK_FUNCTION_EXISTS=pthread_create    CMakeFiles/cmTC_c8003.dir/CheckFunctionExists.c.o  -o cmTC_c8003 -rdynamic -lpthreads 
/usr/bin/ld: cannot find -lpthreads
collect2: error: ld returned 1 exit status
CMakeFiles/cmTC_c8003.dir/build.make:97: recipe for target 'cmTC_c8003' failed
make[1]: *** [cmTC_c8003] Error 1
make[1]: Leaving directory '/home/yzhang4/CPSC223/hw10/CMakeFiles/CMakeTmp'
Makefile:126: recipe for target 'cmTC_c8003/fast' failed
make: *** [cmTC_c8003/fast] Error 2


